<?xml version="1.0" encoding="UTF-8"?>
<!-- Generated by org.testng.reporters.JUnitReportReporter -->
<testsuite skipped="0" hostname="DESKTOP-U4541G9" name="com.qa.testrunner.TestRunner" tests="1" failures="0" timestamp="29 Jun 2020 09:55:11 GMT" time="41.490" errors="0">
  <testcase name="feature" time="41.490" classname="com.qa.testrunner.TestRunner"/>
</testsuite> <!-- com.qa.testrunner.TestRunner -->
