<?xml version="1.0" encoding="UTF-8"?>
<!-- Generated by org.testng.reporters.JUnitReportReporter -->
<testsuite skipped="0" hostname="DESKTOP-U4541G9" name="com.nexttech.Testrunner.TestRunnerNG$TestRunner" tests="1" failures="0" timestamp="25 May 2020 10:56:52 GMT" time="17.414" errors="0">
  <testcase name="feature" time="17.414" classname="com.nexttech.Testrunner.TestRunnerNG$TestRunner"/>
</testsuite> <!-- com.nexttech.Testrunner.TestRunnerNG$TestRunner -->
