<?xml version="1.0" encoding="UTF-8"?>
<!-- Generated by org.testng.reporters.JUnitReportReporter -->
<testsuite skipped="0" hostname="DESKTOP-U4541G9" name="com.nexttechproject.Testrunner.TestRunnerNG1" tests="1" failures="0" timestamp="31 May 2020 09:58:34 GMT" time="19.857" errors="0">
  <testcase name="feature" time="19.857" classname="com.nexttechproject.Testrunner.TestRunnerNG1"/>
</testsuite> <!-- com.nexttechproject.Testrunner.TestRunnerNG1 -->
