<?xml version="1.0" encoding="UTF-8"?>
<!-- Generated by org.testng.reporters.JUnitReportReporter -->
<testsuite skipped="0" hostname="DESKTOP-U4541G9" name="com.nexttechproject.Testrunner.TestRunnerNG1$TestRunner" tests="7" failures="0" timestamp="29 May 2020 12:05:56 GMT" time="103.140" errors="0">
  <testcase name="feature" time="13.068" classname="com.nexttechproject.Testrunner.TestRunnerNG1$TestRunner"/>
  <testcase name="feature" time="19.921" classname="com.nexttechproject.Testrunner.TestRunnerNG1$TestRunner"/>
  <testcase name="feature" time="18.289" classname="com.nexttechproject.Testrunner.TestRunnerNG1$TestRunner"/>
  <testcase name="feature" time="13.269" classname="com.nexttechproject.Testrunner.TestRunnerNG1$TestRunner"/>
  <testcase name="feature" time="11.489" classname="com.nexttechproject.Testrunner.TestRunnerNG1$TestRunner"/>
  <testcase name="feature" time="11.463" classname="com.nexttechproject.Testrunner.TestRunnerNG1$TestRunner"/>
  <testcase name="feature" time="15.641" classname="com.nexttechproject.Testrunner.TestRunnerNG1$TestRunner"/>
</testsuite> <!-- com.nexttechproject.Testrunner.TestRunnerNG1$TestRunner -->
